2013/05/19 22:28:13 [error] [php] scandir() has been disabled for security reasons (/home/wwwroot/yii/framework/gii/GiiModule.php:214)
Stack trace:
#0 /home/wwwroot/yii/framework/base/CModule.php(90): GiiModule->init()
#1 /home/wwwroot/yii/framework/YiiBase.php(206): GiiModule->__construct()
#2 /home/wwwroot/yii/framework/base/CModule.php(282): createComponent()
#3 /home/wwwroot/yii/framework/web/CWebApplication.php(337): CWebApplication->getModule()
#4 /home/wwwroot/yii/framework/web/CWebApplication.php(276): CWebApplication->createController()
#5 /home/wwwroot/yii/framework/web/CWebApplication.php(141): CWebApplication->runController()
#6 /home/wwwroot/yii/framework/base/CApplication.php(169): CWebApplication->processRequest()
#7 /home/wwwroot/swordfish/index.php(13): CWebApplication->run()
REQUEST_URI=/?r=gii
in /home/wwwroot/swordfish/index.php (13)
2013/05/19 22:28:59 [error] [php] scandir() has been disabled for security reasons (/home/wwwroot/yii/framework/gii/GiiModule.php:214)
Stack trace:
#0 /home/wwwroot/yii/framework/base/CModule.php(90): GiiModule->init()
#1 /home/wwwroot/yii/framework/YiiBase.php(206): GiiModule->__construct()
#2 /home/wwwroot/yii/framework/base/CModule.php(282): createComponent()
#3 /home/wwwroot/yii/framework/web/CWebApplication.php(337): CWebApplication->getModule()
#4 /home/wwwroot/yii/framework/web/CWebApplication.php(276): CWebApplication->createController()
#5 /home/wwwroot/yii/framework/web/CWebApplication.php(141): CWebApplication->runController()
#6 /home/wwwroot/yii/framework/base/CApplication.php(169): CWebApplication->processRequest()
#7 /home/wwwroot/swordfish/index.php(13): CWebApplication->run()
REQUEST_URI=/?r=gii
in /home/wwwroot/swordfish/index.php (13)
2013/05/19 22:29:02 [error] [php] scandir() has been disabled for security reasons (/home/wwwroot/yii/framework/gii/GiiModule.php:214)
Stack trace:
#0 /home/wwwroot/yii/framework/base/CModule.php(90): GiiModule->init()
#1 /home/wwwroot/yii/framework/YiiBase.php(206): GiiModule->__construct()
#2 /home/wwwroot/yii/framework/base/CModule.php(282): createComponent()
#3 /home/wwwroot/yii/framework/web/CWebApplication.php(337): CWebApplication->getModule()
#4 /home/wwwroot/yii/framework/web/CWebApplication.php(276): CWebApplication->createController()
#5 /home/wwwroot/yii/framework/web/CWebApplication.php(141): CWebApplication->runController()
#6 /home/wwwroot/yii/framework/base/CApplication.php(169): CWebApplication->processRequest()
#7 /home/wwwroot/swordfish/index.php(13): CWebApplication->run()
REQUEST_URI=/?r=gii
in /home/wwwroot/swordfish/index.php (13)
2013/05/19 22:29:03 [error] [php] scandir() has been disabled for security reasons (/home/wwwroot/yii/framework/gii/GiiModule.php:214)
Stack trace:
#0 /home/wwwroot/yii/framework/base/CModule.php(90): GiiModule->init()
#1 /home/wwwroot/yii/framework/YiiBase.php(206): GiiModule->__construct()
#2 /home/wwwroot/yii/framework/base/CModule.php(282): createComponent()
#3 /home/wwwroot/yii/framework/web/CWebApplication.php(337): CWebApplication->getModule()
#4 /home/wwwroot/yii/framework/web/CWebApplication.php(276): CWebApplication->createController()
#5 /home/wwwroot/yii/framework/web/CWebApplication.php(141): CWebApplication->runController()
#6 /home/wwwroot/yii/framework/base/CApplication.php(169): CWebApplication->processRequest()
#7 /home/wwwroot/swordfish/index.php(13): CWebApplication->run()
REQUEST_URI=/?r=gii
in /home/wwwroot/swordfish/index.php (13)
2013/05/19 22:50:02 [error] [exception.CException] exception 'CException' with message 'SiteController cannot find the requested view "index".' in /home/wwwroot/yii/framework/web/CController.php:878
Stack trace:
#0 /home/wwwroot/yii/framework/web/CController.php(782): CController->renderPartial('index', NULL, true)
#1 /home/wwwroot/swordfish/protected/controllers/SiteController.php(32): CController->render('index')
#2 /home/wwwroot/yii/framework/web/actions/CInlineAction.php(49): SiteController->actionIndex()
#3 /home/wwwroot/yii/framework/web/CController.php(308): CInlineAction->runWithParams(Array)
#4 /home/wwwroot/yii/framework/web/CController.php(286): CController->runAction(Object(CInlineAction))
#5 /home/wwwroot/yii/framework/web/CController.php(265): CController->runActionWithFilters(Object(CInlineAction), Array)
#6 /home/wwwroot/yii/framework/web/CWebApplication.php(282): CController->run('index')
#7 /home/wwwroot/yii/framework/web/CWebApplication.php(141): CWebApplication->runController('site/index')
#8 /home/wwwroot/yii/framework/base/CApplication.php(169): CWebApplication->processRequest()
#9 /home/wwwroot/swordfish/index.php(13): CApplication->run()
#10 {main}
REQUEST_URI=/index.php?r=site/index
HTTP_REFERER=http://sword.fish/index.php?r=site/index
---
2013/05/19 23:11:00 [error] [system.db.CDbCommand] CDbCommand::execute() failed: SQLSTATE[23000]: Integrity constraint violation: 1062 Duplicate entry '在' for key 'word'. The SQL statement executed was: INSERT INTO `stop_word` (`word`) VALUES (:yp0).
in /home/wwwroot/swordfish/protected/modules/swordfish/controllers/StopWordController.php (73)
in /home/wwwroot/swordfish/index.php (13)
2013/05/19 23:11:00 [error] [exception.CDbException] exception 'CDbException' with message 'CDbCommand failed to execute the SQL statement: SQLSTATE[23000]: Integrity constraint violation: 1062 Duplicate entry '在' for key 'word'. The SQL statement executed was: INSERT INTO `stop_word` (`word`) VALUES (:yp0)' in /home/wwwroot/yii/framework/db/CDbCommand.php:357
Stack trace:
#0 /home/wwwroot/yii/framework/db/ar/CActiveRecord.php(1023): CDbCommand->execute()
#1 /home/wwwroot/yii/framework/db/ar/CActiveRecord.php(795): CActiveRecord->insert(NULL)
#2 /home/wwwroot/swordfish/protected/modules/swordfish/controllers/StopWordController.php(73): CActiveRecord->save()
#3 /home/wwwroot/yii/framework/web/actions/CInlineAction.php(49): StopWordController->actionCreate()
#4 /home/wwwroot/yii/framework/web/CController.php(308): CInlineAction->runWithParams(Array)
#5 /home/wwwroot/yii/framework/web/filters/CFilterChain.php(133): CController->runAction(Object(CInlineAction))
#6 /home/wwwroot/yii/framework/web/filters/CFilter.php(40): CFilterChain->run()
#7 /home/wwwroot/yii/framework/web/CController.php(1145): CFilter->filter(Object(CFilterChain))
#8 /home/wwwroot/yii/framework/web/filters/CInlineFilter.php(58): CController->filterAccessControl(Object(CFilterChain))
#9 /home/wwwroot/yii/framework/web/filters/CFilterChain.php(130): CInlineFilter->filter(Object(CFilterChain))
#10 /home/wwwroot/yii/framework/web/CController.php(291): CFilterChain->run()
#11 /home/wwwroot/yii/framework/web/CController.php(265): CController->runActionWithFilters(Object(CInlineAction), Array)
#12 /home/wwwroot/yii/framework/web/CWebApplication.php(282): CController->run('create')
#13 /home/wwwroot/yii/framework/web/CWebApplication.php(141): CWebApplication->runController('swordfish/stopW...')
#14 /home/wwwroot/yii/framework/base/CApplication.php(169): CWebApplication->processRequest()
#15 /home/wwwroot/swordfish/index.php(13): CApplication->run()
#16 {main}
REQUEST_URI=/index.php?r=swordfish/stopWord/create
HTTP_REFERER=http://sword.fish/index.php?r=swordfish/stopWord/create
---
2013/05/21 17:23:58 [error] [exception.CHttpException.404] exception 'CHttpException' with message 'Unable to resolve the request "swordfish/login".' in /home/wwwroot/swordfish/yii/framework/web/CWebApplication.php:280
Stack trace:
#0 /home/wwwroot/swordfish/yii/framework/web/CWebApplication.php(135): CWebApplication->runController('swordfish/login')
#1 /home/wwwroot/swordfish/yii/framework/base/CApplication.php(162): CWebApplication->processRequest()
#2 /home/wwwroot/swordfish/upload/index.php(13): CApplication->run()
#3 {main}
REQUEST_URI=/index.php?r=swordfish/login
---
2013/05/21 17:24:15 [error] [exception.CException] exception 'CException' with message 'DefaultController cannot find the requested view "login".' in /home/wwwroot/swordfish/yii/framework/web/CController.php:879
Stack trace:
#0 /home/wwwroot/swordfish/yii/framework/web/CController.php(783): CController->renderPartial('login', NULL, true)
#1 /home/wwwroot/swordfish/upload/protected/modules/swordfish/controllers/DefaultController.php(11): CController->render('login')
#2 /home/wwwroot/swordfish/yii/framework/web/actions/CInlineAction.php(50): DefaultController->actionLogin()
#3 /home/wwwroot/swordfish/yii/framework/web/CController.php(309): CInlineAction->runWithParams(Array)
#4 /home/wwwroot/swordfish/yii/framework/web/CController.php(287): CController->runAction(Object(CInlineAction))
#5 /home/wwwroot/swordfish/yii/framework/web/CController.php(266): CController->runActionWithFilters(Object(CInlineAction), Array)
#6 /home/wwwroot/swordfish/yii/framework/web/CWebApplication.php(276): CController->run('login')
#7 /home/wwwroot/swordfish/yii/framework/web/CWebApplication.php(135): CWebApplication->runController('swordfish/defau...')
#8 /home/wwwroot/swordfish/yii/framework/base/CApplication.php(162): CWebApplication->processRequest()
#9 /home/wwwroot/swordfish/upload/index.php(13): CApplication->run()
#10 {main}
REQUEST_URI=/index.php?r=swordfish/default/login
---
2013/05/21 20:39:09 [error] [exception.CHttpException.404] exception 'CHttpException' with message 'Unable to resolve the request "swordfish/stopword".' in /home/wwwroot/swordfish/yii/framework/web/CWebApplication.php:280
Stack trace:
#0 /home/wwwroot/swordfish/yii/framework/web/CWebApplication.php(135): CWebApplication->runController('swordfish/stopw...')
#1 /home/wwwroot/swordfish/yii/framework/base/CApplication.php(162): CWebApplication->processRequest()
#2 /home/wwwroot/swordfish/upload/index.php(13): CApplication->run()
#3 {main}
REQUEST_URI=/index.php?r=swordfish/stopword
---
